commit 71c656d4a8d8e1006959cf362410c6d1bebbf1d2 (HEAD -> master)
Author: GaganSD <gagandevagiri@gmail.com>
Date:   Fri Apr 3 13:23:15 2020 +0100

    Developed code for all the test cases

commit dc362035fac3a02a6c921348125390d9f531fcbe
Author: GaganSD <gagandevagiri@gmail.com>
Date:   Fri Apr 3 13:22:09 2020 +0100

    added other relevant tests for edge cases

commit 6f48d07ee34acfc0f0a9aa1292a858ad0f695cec
Author: GaganSD <gagandevagiri@gmail.com>
Date:   Fri Apr 3 13:21:13 2020 +0100

    added testcase for windows endline

commit d3fc2c741c72adb6e8ce5d0b69ac9002f25c0f2a
Author: GaganSD <gagandevagiri@gmail.com>
Date:   Fri Apr 3 13:20:43 2020 +0100

    developed code for MacOS endline

commit 46b7844a7e115916410fcb714eb867bd65f23a84
Author: GaganSD <gagandevagiri@gmail.com>
Date:   Fri Apr 3 13:20:12 2020 +0100

    added testcase for MacOS endline

commit f21335b0e312b7c53c976c4a950224195b5dadf4
Author: GaganSD <gagandevagiri@gmail.com>
Date:   Fri Apr 3 13:19:36 2020 +0100

    developed code for UNIX endline

commit d90cca29e8469f28de2d26978d2de6254f1b4336
Author: GaganSD <gagandevagiri@gmail.com>
Date:   Fri Apr 3 13:16:39 2020 +0100

    added testcase for UNIX endline